---------- Date: 2016-09-21 20:03:16 ~ IP : 127.0.0.1 ----------
REQUEST URI : /?livePage=1474477396240
MOD DETAILS:
   modFile   : C:\OpenServer\domains\kazeco.local\vqmod/xml/mega_filter.xml
   id        : Mega Filter PRO
   version   : 1.5.x
   vqmver    : 2.4.0
   author    : marsilea15@gmail.com

File Name    : catalog/view/theme/*/template/common/header.tpl(0)
VQModObject::applyMod - SEARCH NOT FOUND (ABORTING MOD): catalog/view/javascript/bootstrap/js/bootstrap.min.js
----------------------------------------------------------------------


---------- Date: 2016-09-21 20:14:04 ~ IP : 127.0.0.1 ----------
REQUEST URI : /?livePage=1474478044556
MOD DETAILS:
   modFile   : C:\OpenServer\domains\kazeco.local\vqmod/xml/mega_filter.xml
   id        : Mega Filter PRO
   version   : 1.5.x
   vqmver    : 2.4.0
   author    : marsilea15@gmail.com

File Name    : catalog/view/theme/*/template/common/header.tpl(0)
VQModObject::applyMod - SEARCH NOT FOUND (ABORTING MOD): catalog/view/javascript/bootstrap/js/bootstrap.min.js
----------------------------------------------------------------------


---------- Date: 2016-09-21 21:31:42 ~ IP : 127.0.0.1 ----------
REQUEST URI : /?livePage=1474482701344
MOD DETAILS:
   modFile   : C:\OpenServer\domains\kazeco.local\vqmod/xml/mega_filter.xml
   id        : Mega Filter PRO
   version   : 1.5.x
   vqmver    : 2.4.0
   author    : marsilea15@gmail.com

File Name    : catalog/view/theme/*/template/common/header.tpl(0)
VQModObject::applyMod - SEARCH NOT FOUND (ABORTING MOD): catalog/view/javascript/bootstrap/js/bootstrap.min.js
----------------------------------------------------------------------


---------- Date: 2016-09-21 21:32:51 ~ IP : 127.0.0.1 ----------
REQUEST URI : /?livePage=1474482771260
MOD DETAILS:
   modFile   : C:\OpenServer\domains\kazeco.local\vqmod/xml/mega_filter.xml
   id        : Mega Filter PRO
   version   : 1.5.x
   vqmver    : 2.4.0
   author    : marsilea15@gmail.com

File Name    : catalog/view/theme/*/template/common/header.tpl(0)
VQModObject::applyMod - SEARCH NOT FOUND (ABORTING MOD): catalog/view/javascript/bootstrap/js/bootstrap.min.js
----------------------------------------------------------------------


---------- Date: 2016-09-21 21:34:31 ~ IP : 127.0.0.1 ----------
REQUEST URI : /?livePage=1474482871252
MOD DETAILS:
   modFile   : C:\OpenServer\domains\kazeco.local\vqmod/xml/mega_filter.xml
   id        : Mega Filter PRO
   version   : 1.5.x
   vqmver    : 2.4.0
   author    : marsilea15@gmail.com

File Name    : catalog/view/theme/*/template/common/header.tpl(0)
VQModObject::applyMod - SEARCH NOT FOUND (ABORTING MOD): catalog/view/javascript/bootstrap/js/bootstrap.min.js
----------------------------------------------------------------------


